C:\Program Files (x86)\Microsoft Visual Studio\2019\Community\MSBuild\Microsoft\VC\v160\Microsoft.CppBuild.targets(513,5): warning MSB8028: The intermediate directory (x64\Debug\) contains files shared from another project (VS2019_HaloCE.vcxproj).  This can lead to incorrect clean and rebuild behavior.
  glad.c
  imgui.cpp
  imgui_demo.cpp
  imgui_draw.cpp
  imgui_impl_glfw.cpp
  imgui_impl_opengl3.cpp
  imgui_tables.cpp
  imgui_widgets.cpp
  main.cpp
E:\Repos\HaloCEGithub\HaloCEProject\imguiLib\imgui\imgui_impl_opengl3_loader.h(548,1): warning C4005: 'glActiveTexture': macro redefinition
E:\Repos\HaloCEGithub\HaloCEProject\GLFW\glfw-3.4\include\GLFW\glad\glad.h(1166): message : see previous definition of 'glActiveTexture'
E:\Repos\HaloCEGithub\HaloCEProject\imguiLib\imgui\imgui_impl_opengl3_loader.h(549,1): warning C4005: 'glAttachShader': macro redefinition
E:\Repos\HaloCEGithub\HaloCEProject\GLFW\glfw-3.4\include\GLFW\glad\glad.h(1304): message : see previous definition of 'glAttachShader'
E:\Repos\HaloCEGithub\HaloCEProject\imguiLib\imgui\imgui_impl_opengl3_loader.h(550,1): warning C4005: 'glBindBuffer': macro redefinition
E:\Repos\HaloCEGithub\HaloCEProject\GLFW\glfw-3.4\include\GLFW\glad\glad.h(1252): message : see previous definition of 'glBindBuffer'
E:\Repos\HaloCEGithub\HaloCEProject\imguiLib\imgui\imgui_impl_opengl3_loader.h(551,1): warning C4005: 'glBindSampler': macro redefinition
E:\Repos\HaloCEGithub\HaloCEProject\GLFW\glfw-3.4\include\GLFW\glad\glad.h(1966): message : see previous definition of 'glBindSampler'
E:\Repos\HaloCEGithub\HaloCEProject\imguiLib\imgui\imgui_impl_opengl3_loader.h(552,1): warning C4005: 'glBindTexture': macro redefinition
E:\Repos\HaloCEGithub\HaloCEProject\GLFW\glfw-3.4\include\GLFW\glad\glad.h(1134): message : see previous definition of 'glBindTexture'
E:\Repos\HaloCEGithub\HaloCEProject\imguiLib\imgui\imgui_impl_opengl3_loader.h(553,1): warning C4005: 'glBindVertexArray': macro redefinition
E:\Repos\HaloCEGithub\HaloCEProject\GLFW\glfw-3.4\include\GLFW\glad\glad.h(1834): message : see previous definition of 'glBindVertexArray'
E:\Repos\HaloCEGithub\HaloCEProject\imguiLib\imgui\imgui_impl_opengl3_loader.h(554,1): warning C4005: 'glBlendEquation': macro redefinition
E:\Repos\HaloCEGithub\HaloCEProject\GLFW\glfw-3.4\include\GLFW\glad\glad.h(1221): message : see previous definition of 'glBlendEquation'
E:\Repos\HaloCEGithub\HaloCEProject\imguiLib\imgui\imgui_impl_opengl3_loader.h(555,1): warning C4005: 'glBlendEquationSeparate': macro redefinition
E:\Repos\HaloCEGithub\HaloCEProject\GLFW\glfw-3.4\include\GLFW\glad\glad.h(1289): message : see previous definition of 'glBlendEquationSeparate'
E:\Repos\HaloCEGithub\HaloCEProject\imguiLib\imgui\imgui_impl_opengl3_loader.h(556,1): warning C4005: 'glBlendFuncSeparate': macro redefinition
E:\Repos\HaloCEGithub\HaloCEProject\GLFW\glfw-3.4\include\GLFW\glad\glad.h(1197): message : see previous definition of 'glBlendFuncSeparate'
E:\Repos\HaloCEGithub\HaloCEProject\imguiLib\imgui\imgui_impl_opengl3_loader.h(557,1): warning C4005: 'glBufferData': macro redefinition
E:\Repos\HaloCEGithub\HaloCEProject\GLFW\glfw-3.4\include\GLFW\glad\glad.h(1264): message : see previous definition of 'glBufferData'
E:\Repos\HaloCEGithub\HaloCEProject\imguiLib\imgui\imgui_impl_opengl3_loader.h(558,1): warning C4005: 'glBufferSubData': macro redefinition
E:\Repos\HaloCEGithub\HaloCEProject\GLFW\glfw-3.4\include\GLFW\glad\glad.h(1267): message : see previous definition of 'glBufferSubData'
E:\Repos\HaloCEGithub\HaloCEProject\imguiLib\imgui\imgui_impl_opengl3_loader.h(559,1): warning C4005: 'glClear': macro redefinition
E:\Repos\HaloCEGithub\HaloCEProject\GLFW\glfw-3.4\include\GLFW\glad\glad.h(1001): message : see previous definition of 'glClear'
E:\Repos\HaloCEGithub\HaloCEProject\imguiLib\imgui\imgui_impl_opengl3_loader.h(560,1): warning C4005: 'glClearColor': macro redefinition
E:\Repos\HaloCEGithub\HaloCEProject\GLFW\glfw-3.4\include\GLFW\glad\glad.h(1004): message : see previous definition of 'glClearColor'
E:\Repos\HaloCEGithub\HaloCEProject\imguiLib\imgui\imgui_impl_opengl3_loader.h(561,1): warning C4005: 'glCompileShader': macro redefinition
E:\Repos\HaloCEGithub\HaloCEProject\GLFW\glfw-3.4\include\GLFW\glad\glad.h(1310): message : see previous definition of 'glCompileShader'
E:\Repos\HaloCEGithub\HaloCEProject\imguiLib\imgui\imgui_impl_opengl3_loader.h(562,1): warning C4005: 'glCreateProgram': macro redefinition
E:\Repos\HaloCEGithub\HaloCEProject\GLFW\glfw-3.4\include\GLFW\glad\glad.h(1313): message : see previous definition of 'glCreateProgram'
E:\Repos\HaloCEGithub\HaloCEProject\imguiLib\imgui\imgui_impl_opengl3_loader.h(563,1): warning C4005: 'glCreateShader': macro redefinition
E:\Repos\HaloCEGithub\HaloCEProject\GLFW\glfw-3.4\include\GLFW\glad\glad.h(1316): message : see previous definition of 'glCreateShader'
E:\Repos\HaloCEGithub\HaloCEProject\imguiLib\imgui\imgui_impl_opengl3_loader.h(564,1): warning C4005: 'glDeleteBuffers': macro redefinition
E:\Repos\HaloCEGithub\HaloCEProject\GLFW\glfw-3.4\include\GLFW\glad\glad.h(1255): message : see previous definition of 'glDeleteBuffers'
E:\Repos\HaloCEGithub\HaloCEProject\imguiLib\imgui\imgui_impl_opengl3_loader.h(565,1): warning C4005: 'glDeleteProgram': macro redefinition
E:\Repos\HaloCEGithub\HaloCEProject\GLFW\glfw-3.4\include\GLFW\glad\glad.h(1319): message : see previous definition of 'glDeleteProgram'
E:\Repos\HaloCEGithub\HaloCEProject\imguiLib\imgui\imgui_impl_opengl3_loader.h(566,1): warning C4005: 'glDeleteShader': macro redefinition
E:\Repos\HaloCEGithub\HaloCEProject\GLFW\glfw-3.4\include\GLFW\glad\glad.h(1322): message : see previous definition of 'glDeleteShader'
E:\Repos\HaloCEGithub\HaloCEProject\imguiLib\imgui\imgui_impl_opengl3_loader.h(567,1): warning C4005: 'glDeleteTextures': macro redefinition
E:\Repos\HaloCEGithub\HaloCEProject\GLFW\glfw-3.4\include\GLFW\glad\glad.h(1137): message : see previous definition of 'glDeleteTextures'
E:\Repos\HaloCEGithub\HaloCEProject\imguiLib\imgui\imgui_impl_opengl3_loader.h(568,1): warning C4005: 'glDeleteVertexArrays': macro redefinition
E:\Repos\HaloCEGithub\HaloCEProject\GLFW\glfw-3.4\include\GLFW\glad\glad.h(1837): message : see previous definition of 'glDeleteVertexArrays'
E:\Repos\HaloCEGithub\HaloCEProject\imguiLib\imgui\imgui_impl_opengl3_loader.h(569,1): warning C4005: 'glDetachShader': macro redefinition
E:\Repos\HaloCEGithub\HaloCEProject\GLFW\glfw-3.4\include\GLFW\glad\glad.h(1325): message : see previous definition of 'glDetachShader'
E:\Repos\HaloCEGithub\HaloCEProject\imguiLib\imgui\imgui_impl_opengl3_loader.h(570,1): warning C4005: 'glDisable': macro redefinition
E:\Repos\HaloCEGithub\HaloCEProject\GLFW\glfw-3.4\include\GLFW\glad\glad.h(1022): message : see previous definition of 'glDisable'
E:\Repos\HaloCEGithub\HaloCEProject\imguiLib\imgui\imgui_impl_opengl3_loader.h(571,1): warning C4005: 'glDisableVertexAttribArray': macro redefinition
E:\Repos\HaloCEGithub\HaloCEProject\GLFW\glfw-3.4\include\GLFW\glad\glad.h(1328): message : see previous definition of 'glDisableVertexAttribArray'
E:\Repos\HaloCEGithub\HaloCEProject\imguiLib\imgui\imgui_impl_opengl3_loader.h(572,1): warning C4005: 'glDrawElements': macro redefinition
E:\Repos\HaloCEGithub\HaloCEProject\GLFW\glfw-3.4\include\GLFW\glad\glad.h(1110): message : see previous definition of 'glDrawElements'
E:\Repos\HaloCEGithub\HaloCEProject\imguiLib\imgui\imgui_impl_opengl3_loader.h(573,1): warning C4005: 'glDrawElementsBaseVertex': macro redefinition
E:\Repos\HaloCEGithub\HaloCEProject\GLFW\glfw-3.4\include\GLFW\glad\glad.h(1890): message : see previous definition of 'glDrawElementsBaseVertex'
E:\Repos\HaloCEGithub\HaloCEProject\imguiLib\imgui\imgui_impl_opengl3_loader.h(574,1): warning C4005: 'glEnable': macro redefinition
E:\Repos\HaloCEGithub\HaloCEProject\GLFW\glfw-3.4\include\GLFW\glad\glad.h(1025): message : see previous definition of 'glEnable'
E:\Repos\HaloCEGithub\HaloCEProject\imguiLib\imgui\imgui_impl_opengl3_loader.h(575,1): warning C4005: 'glEnableVertexAttribArray': macro redefinition
E:\Repos\HaloCEGithub\HaloCEProject\GLFW\glfw-3.4\include\GLFW\glad\glad.h(1331): message : see previous definition of 'glEnableVertexAttribArray'
E:\Repos\HaloCEGithub\HaloCEProject\imguiLib\imgui\imgui_impl_opengl3_loader.h(576,1): warning C4005: 'glFlush': macro redefinition
E:\Repos\HaloCEGithub\HaloCEProject\GLFW\glfw-3.4\include\GLFW\glad\glad.h(1031): message : see previous definition of 'glFlush'
E:\Repos\HaloCEGithub\HaloCEProject\imguiLib\imgui\imgui_impl_opengl3_loader.h(577,1): warning C4005: 'glGenBuffers': macro redefinition
E:\Repos\HaloCEGithub\HaloCEProject\GLFW\glfw-3.4\include\GLFW\glad\glad.h(1258): message : see previous definition of 'glGenBuffers'
E:\Repos\HaloCEGithub\HaloCEProject\imguiLib\imgui\imgui_impl_opengl3_loader.h(578,1): warning C4005: 'glGenTextures': macro redefinition
E:\Repos\HaloCEGithub\HaloCEProject\GLFW\glfw-3.4\include\GLFW\glad\glad.h(1140): message : see previous definition of 'glGenTextures'
E:\Repos\HaloCEGithub\HaloCEProject\imguiLib\imgui\imgui_impl_opengl3_loader.h(579,1): warning C4005: 'glGenVertexArrays': macro redefinition
E:\Repos\HaloCEGithub\HaloCEProject\GLFW\glfw-3.4\include\GLFW\glad\glad.h(1840): message : see previous definition of 'glGenVertexArrays'
E:\Repos\HaloCEGithub\HaloCEProject\imguiLib\imgui\imgui_impl_opengl3_loader.h(580,1): warning C4005: 'glGetAttribLocation': macro redefinition
E:\Repos\HaloCEGithub\HaloCEProject\GLFW\glfw-3.4\include\GLFW\glad\glad.h(1343): message : see previous definition of 'glGetAttribLocation'
E:\Repos\HaloCEGithub\HaloCEProject\imguiLib\imgui\imgui_impl_opengl3_loader.h(581,1): warning C4005: 'glGetError': macro redefinition
E:\Repos\HaloCEGithub\HaloCEProject\GLFW\glfw-3.4\include\GLFW\glad\glad.h(1067): message : see previous definition of 'glGetError'
E:\Repos\HaloCEGithub\HaloCEProject\imguiLib\imgui\imgui_impl_opengl3_loader.h(582,1): warning C4005: 'glGetIntegerv': macro redefinition
E:\Repos\HaloCEGithub\HaloCEProject\GLFW\glfw-3.4\include\GLFW\glad\glad.h(1073): message : see previous definition of 'glGetIntegerv'
E:\Repos\HaloCEGithub\HaloCEProject\imguiLib\imgui\imgui_impl_opengl3_loader.h(583,1): warning C4005: 'glGetProgramInfoLog': macro redefinition
E:\Repos\HaloCEGithub\HaloCEProject\GLFW\glfw-3.4\include\GLFW\glad\glad.h(1349): message : see previous definition of 'glGetProgramInfoLog'
E:\Repos\HaloCEGithub\HaloCEProject\imguiLib\imgui\imgui_impl_opengl3_loader.h(584,1): warning C4005: 'glGetProgramiv': macro redefinition
E:\Repos\HaloCEGithub\HaloCEProject\GLFW\glfw-3.4\include\GLFW\glad\glad.h(1346): message : see previous definition of 'glGetProgramiv'
E:\Repos\HaloCEGithub\HaloCEProject\imguiLib\imgui\imgui_impl_opengl3_loader.h(585,1): warning C4005: 'glGetShaderInfoLog': macro redefinition
E:\Repos\HaloCEGithub\HaloCEProject\GLFW\glfw-3.4\include\GLFW\glad\glad.h(1355): message : see previous definition of 'glGetShaderInfoLog'
E:\Repos\HaloCEGithub\HaloCEProject\imguiLib\imgui\imgui_impl_opengl3_loader.h(586,1): warning C4005: 'glGetShaderiv': macro redefinition
E:\Repos\HaloCEGithub\HaloCEProject\GLFW\glfw-3.4\include\GLFW\glad\glad.h(1352): message : see previous definition of 'glGetShaderiv'
E:\Repos\HaloCEGithub\HaloCEProject\imguiLib\imgui\imgui_impl_opengl3_loader.h(587,1): warning C4005: 'glGetString': macro redefinition
E:\Repos\HaloCEGithub\HaloCEProject\GLFW\glfw-3.4\include\GLFW\glad\glad.h(1076): message : see previous definition of 'glGetString'
E:\Repos\HaloCEGithub\HaloCEProject\imguiLib\imgui\imgui_impl_opengl3_loader.h(588,1): warning C4005: 'glGetStringi': macro redefinition
E:\Repos\HaloCEGithub\HaloCEProject\GLFW\glfw-3.4\include\GLFW\glad\glad.h(1765): message : see previous definition of 'glGetStringi'
E:\Repos\HaloCEGithub\HaloCEProject\imguiLib\imgui\imgui_impl_opengl3_loader.h(589,1): warning C4005: 'glGetUniformLocation': macro redefinition
E:\Repos\HaloCEGithub\HaloCEProject\GLFW\glfw-3.4\include\GLFW\glad\glad.h(1361): message : see previous definition of 'glGetUniformLocation'
E:\Repos\HaloCEGithub\HaloCEProject\imguiLib\imgui\imgui_impl_opengl3_loader.h(590,1): warning C4005: 'glGetVertexAttribPointerv': macro redefinition
E:\Repos\HaloCEGithub\HaloCEProject\GLFW\glfw-3.4\include\GLFW\glad\glad.h(1379): message : see previous definition of 'glGetVertexAttribPointerv'
E:\Repos\HaloCEGithub\HaloCEProject\imguiLib\imgui\imgui_impl_opengl3_loader.h(591,1): warning C4005: 'glGetVertexAttribiv': macro redefinition
E:\Repos\HaloCEGithub\HaloCEProject\GLFW\glfw-3.4\include\GLFW\glad\glad.h(1376): message : see previous definition of 'glGetVertexAttribiv'
E:\Repos\HaloCEGithub\HaloCEProject\imguiLib\imgui\imgui_impl_opengl3_loader.h(592,1): warning C4005: 'glIsEnabled': macro redefinition
E:\Repos\HaloCEGithub\HaloCEProject\GLFW\glfw-3.4\include\GLFW\glad\glad.h(1094): message : see previous definition of 'glIsEnabled'
E:\Repos\HaloCEGithub\HaloCEProject\imguiLib\imgui\imgui_impl_opengl3_loader.h(593,1): warning C4005: 'glIsProgram': macro redefinition
E:\Repos\HaloCEGithub\HaloCEProject\GLFW\glfw-3.4\include\GLFW\glad\glad.h(1382): message : see previous definition of 'glIsProgram'
E:\Repos\HaloCEGithub\HaloCEProject\imguiLib\imgui\imgui_impl_opengl3_loader.h(594,1): warning C4005: 'glLinkProgram': macro redefinition
E:\Repos\HaloCEGithub\HaloCEProject\GLFW\glfw-3.4\include\GLFW\glad\glad.h(1388): message : see previous definition of 'glLinkProgram'
E:\Repos\HaloCEGithub\HaloCEProject\imguiLib\imgui\imgui_impl_opengl3_loader.h(595,1): warning C4005: 'glPixelStorei': macro redefinition
E:\Repos\HaloCEGithub\HaloCEProject\GLFW\glfw-3.4\include\GLFW\glad\glad.h(1052): message : see previous definition of 'glPixelStorei'
E:\Repos\HaloCEGithub\HaloCEProject\imguiLib\imgui\imgui_impl_opengl3_loader.h(596,1): warning C4005: 'glPolygonMode': macro redefinition
E:\Repos\HaloCEGithub\HaloCEProject\GLFW\glfw-3.4\include\GLFW\glad\glad.h(974): message : see previous definition of 'glPolygonMode'
E:\Repos\HaloCEGithub\HaloCEProject\imguiLib\imgui\imgui_impl_opengl3_loader.h(597,1): warning C4005: 'glReadPixels': macro redefinition
E:\Repos\HaloCEGithub\HaloCEProject\GLFW\glfw-3.4\include\GLFW\glad\glad.h(1058): message : see previous definition of 'glReadPixels'
E:\Repos\HaloCEGithub\HaloCEProject\imguiLib\imgui\imgui_impl_opengl3_loader.h(598,1): warning C4005: 'glScissor': macro redefinition
E:\Repos\HaloCEGithub\HaloCEProject\GLFW\glfw-3.4\include\GLFW\glad\glad.h(977): message : see previous definition of 'glScissor'
E:\Repos\HaloCEGithub\HaloCEProject\imguiLib\imgui\imgui_impl_opengl3_loader.h(599,1): warning C4005: 'glShaderSource': macro redefinition
E:\Repos\HaloCEGithub\HaloCEProject\GLFW\glfw-3.4\include\GLFW\glad\glad.h(1391): message : see previous definition of 'glShaderSource'
E:\Repos\HaloCEGithub\HaloCEProject\imguiLib\imgui\imgui_impl_opengl3_loader.h(600,1): warning C4005: 'glTexImage2D': macro redefinition
E:\Repos\HaloCEGithub\HaloCEProject\GLFW\glfw-3.4\include\GLFW\glad\glad.h(995): message : see previous definition of 'glTexImage2D'
E:\Repos\HaloCEGithub\HaloCEProject\imguiLib\imgui\imgui_impl_opengl3_loader.h(601,1): warning C4005: 'glTexParameteri': macro redefinition
E:\Repos\HaloCEGithub\HaloCEProject\GLFW\glfw-3.4\include\GLFW\glad\glad.h(986): message : see previous definition of 'glTexParameteri'
E:\Repos\HaloCEGithub\HaloCEProject\imguiLib\imgui\imgui_impl_opengl3_loader.h(602,1): warning C4005: 'glUniform1i': macro redefinition
E:\Repos\HaloCEGithub\HaloCEProject\GLFW\glfw-3.4\include\GLFW\glad\glad.h(1409): message : see previous definition of 'glUniform1i'
E:\Repos\HaloCEGithub\HaloCEProject\imguiLib\imgui\imgui_impl_opengl3_loader.h(603,1): warning C4005: 'glUniformMatrix4fv': macro redefinition
E:\Repos\HaloCEGithub\HaloCEProject\GLFW\glfw-3.4\include\GLFW\glad\glad.h(1451): message : see previous definition of 'glUniformMatrix4fv'
E:\Repos\HaloCEGithub\HaloCEProject\imguiLib\imgui\imgui_impl_opengl3_loader.h(604,1): warning C4005: 'glUseProgram': macro redefinition
E:\Repos\HaloCEGithub\HaloCEProject\GLFW\glfw-3.4\include\GLFW\glad\glad.h(1394): message : see previous definition of 'glUseProgram'
E:\Repos\HaloCEGithub\HaloCEProject\imguiLib\imgui\imgui_impl_opengl3_loader.h(605,1): warning C4005: 'glVertexAttribPointer': macro redefinition
E:\Repos\HaloCEGithub\HaloCEProject\GLFW\glfw-3.4\include\GLFW\glad\glad.h(1565): message : see previous definition of 'glVertexAttribPointer'
E:\Repos\HaloCEGithub\HaloCEProject\imguiLib\imgui\imgui_impl_opengl3_loader.h(606,1): warning C4005: 'glViewport': macro redefinition
E:\Repos\HaloCEGithub\HaloCEProject\GLFW\glfw-3.4\include\GLFW\glad\glad.h(1100): message : see previous definition of 'glViewport'
  stb_image.cpp
  Generating Code...
  VS2019_HaloCE.vcxproj -> E:\Repos\HaloCEGithub\HaloCEProject\x64\Debug\VS2019_HALO_CE.exe
